<?xml version="1.0" encoding="UTF-8" ?>
<testsuite tests="30" failures="0" name="testrunner.TestRunner" time="0.054" errors="2" skipped="1">
  <properties>
    <property name="java.runtime.name" value="Java(TM) SE Runtime Environment"/>
    <property name="sun.boot.library.path" value="C:\Program Files\Java\jdk1.8.0_144\jre\bin"/>
    <property name="java.vm.version" value="25.144-b01"/>
    <property name="java.vm.vendor" value="Oracle Corporation"/>
    <property name="maven.multiModuleProjectDirectory" value="C:\Users\BirendraRawal\eclipse-workspace-test\BDD_TestAutomaton"/>
    <property name="java.vendor.url" value="http://java.oracle.com/"/>
    <property name="path.separator" value=";"/>
    <property name="guice.disable.misplaced.annotation.check" value="true"/>
    <property name="java.vm.name" value="Java HotSpot(TM) 64-Bit Server VM"/>
    <property name="file.encoding.pkg" value="sun.io"/>
    <property name="user.script" value=""/>
    <property name="user.country" value="US"/>
    <property name="sun.java.launcher" value="SUN_STANDARD"/>
    <property name="sun.os.patch.level" value=""/>
    <property name="java.vm.specification.name" value="Java Virtual Machine Specification"/>
    <property name="user.dir" value="C:\Users\BirendraRawal\eclipse-workspace-test\BDD_TestAutomaton"/>
    <property name="java.runtime.version" value="1.8.0_144-b01"/>
    <property name="java.awt.graphicsenv" value="sun.awt.Win32GraphicsEnvironment"/>
    <property name="java.endorsed.dirs" value="C:\Program Files\Java\jdk1.8.0_144\jre\lib\endorsed"/>
    <property name="os.arch" value="amd64"/>
    <property name="java.io.tmpdir" value="C:\Users\BIREND~1\AppData\Local\Temp\"/>
    <property name="line.separator" value="
"/>
    <property name="java.vm.specification.vendor" value="Oracle Corporation"/>
    <property name="user.variant" value=""/>
    <property name="os.name" value="Windows 10"/>
    <property name="classworlds.conf" value="C:\Users\BirendraRawal\eclipse-workspace-test\.metadata\.plugins\org.eclipse.m2e.launching\launches\m2conf3080091547703075898.tmp"/>
    <property name="sun.jnu.encoding" value="Cp1252"/>
    <property name="java.library.path" value="C:\Program Files\Java\jdk1.8.0_144\bin;C:\WINDOWS\Sun\Java\bin;C:\WINDOWS\system32;C:\WINDOWS;C:/Program Files/Java/jdk1.8.0_144/jre/bin/server;C:/Program Files/Java/jdk1.8.0_144/jre/bin;C:/Program Files/Java/jdk1.8.0_144/jre/lib/amd64;C:\Program Files (x86)\Microsoft SDKs\Azure\CLI2\wbin;C:\Perl64\site\bin;C:\Perl64\bin;C:\ProgramData\Oracle\Java\javapath;C:\WINDOWS\system32;C:\WINDOWS;C:\WINDOWS\System32\Wbem;C:\WINDOWS\System32\WindowsPowerShell\v1.0\;C:\JMeter\bin;C:\Program Files\Java\jre1.8.0_144\bin;C:\Strawberry\c\bin;C:\Strawberry\perl\site\bin;C:\Strawberry\perl\bin;C:\PROGRA~2\Groovy\GROOVY~1.0\bin;C:\Maven\apache-maven-3.5.4\bin;C:\Maven\apache-maven-3.5.2-bin\apache-maven-3.5.2\bin ;C:\opscode\chef\bin\;C:\WINDOWS\System32\OpenSSH\;C:\SonarQube\apache-log4j-2.9.1-bin\apache-log4j-2.9.1-bin;C:\Program Files\dotnet\;C:\WINDOWS\system32\config\systemprofile\AppData\roaming\Python\Python36\scripts;C:\Program Files (x86)\UnxUtils\usr\local\wbin;C:\opscode\chef-workstation\bin\;C:\HashiCorp\Vagrant\bin;C:\Program Files\Git\cmd;C:\Users\BirendraRawal\Documents\Terraform\terraform_0.11.11_windows_amd64;C:\Program Files\nodejs\;C:\Program Files\TortoiseHg\;C:\Program Files\Amazon\AWSCLI\bin\;C:\ProgramData\chocolatey\bin;C:\Program Files\Intel\WiFi\bin\;C:\Program Files\Common Files\Intel\WirelessCommon\;C:\Users\BirendraRawal\scoop\shims;C:\Ruby25-x64\bin;C:\Users\BirendraRawal\AppData\Local\Programs\Python\Python36-32\Scripts\;C:\Users\BirendraRawal\AppData\Local\Programs\Python\Python36-32\;C:\Users\BirendraRawal\AppData\Local\Microsoft\WindowsApps;C:\Users\BirendraRawal\AppData\Local\atom\bin;C:\Users\BirendraRawal\AppData\Local\Microsoft\WindowsApps;C:\Users\BirendraRawal\AppData\Local\Programs\Microsoft VS Code\bin;C:\Users\BirendraRawal\AppData\Roaming\npm;C:\Program Files\Docker Toolbox;C:\Users\BirendraRawal\AppData\Local\Google\Cloud SDK\google-cloud-sdk\bin;C:\Program Files\Intel\WiFi\bin\;C:\Program Files\Common Files\Intel\WirelessCommon\;C:\Program Files\JetBrains\IntelliJ IDEA Community Edition 2019.2.2\bin;;C:\Users\BirendraRawal\Desktop;;."/>
    <property name="java.specification.name" value="Java Platform API Specification"/>
    <property name="java.class.version" value="52.0"/>
    <property name="sun.management.compiler" value="HotSpot 64-Bit Tiered Compilers"/>
    <property name="os.version" value="10.0"/>
    <property name="user.home" value="C:\Users\BirendraRawal"/>
    <property name="user.timezone" value="America/New_York"/>
    <property name="java.awt.printerjob" value="sun.awt.windows.WPrinterJob"/>
    <property name="java.specification.version" value="1.8"/>
    <property name="file.encoding" value="Cp1252"/>
    <property name="user.name" value="BirendraRawal"/>
    <property name="java.class.path" value="C:\Users\BirendraRawal\.p2\pool\plugins\org.eclipse.m2e.maven.runtime_1.8.3.20180227-2135\jars\plexus-classworlds-2.5.2.jar"/>
    <property name="java.vm.specification.version" value="1.8"/>
    <property name="sun.arch.data.model" value="64"/>
    <property name="java.home" value="C:\Program Files\Java\jdk1.8.0_144\jre"/>
    <property name="sun.java.command" value="org.codehaus.plexus.classworlds.launcher.Launcher -B test"/>
    <property name="java.specification.vendor" value="Oracle Corporation"/>
    <property name="user.language" value="en"/>
    <property name="awt.toolkit" value="sun.awt.windows.WToolkit"/>
    <property name="java.vm.info" value="mixed mode"/>
    <property name="java.version" value="1.8.0_144"/>
    <property name="java.ext.dirs" value="C:\Program Files\Java\jdk1.8.0_144\jre\lib\ext;C:\WINDOWS\Sun\Java\lib\ext"/>
    <property name="sun.boot.class.path" value="C:\Program Files\Java\jdk1.8.0_144\jre\lib\resources.jar;C:\Program Files\Java\jdk1.8.0_144\jre\lib\rt.jar;C:\Program Files\Java\jdk1.8.0_144\jre\lib\sunrsasign.jar;C:\Program Files\Java\jdk1.8.0_144\jre\lib\jsse.jar;C:\Program Files\Java\jdk1.8.0_144\jre\lib\jce.jar;C:\Program Files\Java\jdk1.8.0_144\jre\lib\charsets.jar;C:\Program Files\Java\jdk1.8.0_144\jre\lib\jfr.jar;C:\Program Files\Java\jdk1.8.0_144\jre\classes"/>
    <property name="java.vendor" value="Oracle Corporation"/>
    <property name="maven.home" value="C:\Users\BirendraRawal\eclipse-workspace-test\BDD_TestAutomaton\EMBEDDED"/>
    <property name="file.separator" value="\"/>
    <property name="java.vendor.url.bug" value="http://bugreport.sun.com/bugreport/"/>
    <property name="sun.cpu.endian" value="little"/>
    <property name="sun.io.unicode.encoding" value="UnicodeLittle"/>
    <property name="sun.desktop" value="windows"/>
    <property name="sun.cpu.isalist" value="amd64"/>
  </properties>
  <testcase classname="| mydevopscloud@gmail.com | Test@123$ |" name="Given Open firefox browser and start application" time="0.008"/>
  <testcase classname="| mydevopscloud@gmail.com | Test@123$ |" name="When I enter valid &quot;mydevopscloud@gmail.com&quot; and &quot;Test@123$&quot; credentials" time="0"/>
  <testcase classname="| mydevopscloud@gmail.com | Test@123$ |" name="And Click login button" time="0"/>
  <testcase classname="| mydevopscloud@gmail.com | Test@123$ |" name="Then User should be able to login successfully" time="0"/>
  <testcase classname="| mydevopscloud@gmail.com | Test@123$ |" name="Then Application should be closed" time="0"/>
  <testcase classname="| mydevopscloud@gmail.com | Test@123$ |" name="| mydevopscloud@gmail.com | Test@123$ |" time="0.001"/>
  <testcase classname="| mydevopscloud@gmail.com | Test@123$ |" name="Given Open firefox browser and start application" time="0"/>
  <testcase classname="| mydevopscloud@gmail.com | Test@123$ |" name="When I enter valid &quot;mydevopscloud@gmail.com&quot; and &quot;Test@123$&quot; credentials" time="0.001"/>
  <testcase classname="| mydevopscloud@gmail.com | Test@123$ |" name="And Click login button" time="0"/>
  <testcase classname="| mydevopscloud@gmail.com | Test@123$ |" name="Then User should be able to login successfully" time="0"/>
  <testcase classname="| mydevopscloud@gmail.com | Test@123$ |" name="Then Application should be closed" time="0"/>
  <testcase classname="| mydevopscloud@gmail.com | Test@123$ |" name="| mydevopscloud@gmail.com | Test@123$ |" time="0.001"/>
  <testcase classname="| mydevopscloud@gmail.com | Test@123$45 |" name="Given Open firefox browser and start application" time="0"/>
  <testcase classname="| mydevopscloud@gmail.com | Test@123$45 |" name="When I enter valid &quot;mydevopscloud@gmail.com&quot; and &quot;Test@123$45&quot; credentials" time="0"/>
  <testcase classname="| mydevopscloud@gmail.com | Test@123$45 |" name="And Click login button" time="0"/>
  <testcase classname="| mydevopscloud@gmail.com | Test@123$45 |" name="Then User should not be able to login" time="0"/>
  <testcase classname="| mydevopscloud@gmail.com | Test@123$45 |" name="Then Application should be closed" time="0"/>
  <testcase classname="| mydevopscloud@gmail.com | Test@123$45 |" name="| mydevopscloud@gmail.com | Test@123$45 |" time="0.002"/>
  <testcase classname="| mydevopcloud@gmail.com | Test@123$99 |" name="Given Open firefox browser and start application" time="0"/>
  <testcase classname="| mydevopcloud@gmail.com | Test@123$99 |" name="When I enter valid &quot;mydevopcloud@gmail.com&quot; and &quot;Test@123$99&quot; credentials" time="0"/>
  <testcase classname="| mydevopcloud@gmail.com | Test@123$99 |" name="And Click login button" time="0"/>
  <testcase classname="| mydevopcloud@gmail.com | Test@123$99 |" name="Then User should not be able to login" time="0"/>
  <testcase classname="| mydevopcloud@gmail.com | Test@123$99 |" name="Then Application should be closed" time="0"/>
  <testcase classname="| mydevopcloud@gmail.com | Test@123$99 |" name="| mydevopcloud@gmail.com | Test@123$99 |" time="0.002"/>
  <testcase classname="| mydevopcloud@gmail.com | Test@123$ |" name="Given Open firefox browser and start application" time="0"/>
  <testcase classname="| mydevopcloud@gmail.com | Test@123$ |" name="When I enter valid &quot;mydevopcloud@gmail.com&quot; and &quot;Test@123$&quot; credentials" time="0"/>
  <testcase classname="| mydevopcloud@gmail.com | Test@123$ |" name="And Click login button" time="0"/>
  <testcase classname="| mydevopcloud@gmail.com | Test@123$ |" name="Then User should not be able to login" time="0.011">
    <error message="Unable to locate element: //*[@id=&quot;loginform&quot;]
For documentation on this error, please visit: https://www.seleniumhq.org/exceptions/no_such_element.html
Build info: version: &apos;3.141.59&apos;, revision: &apos;e82be7d358&apos;, time: &apos;2018-11-14T08:17:03&apos;
System info: host: &apos;DESKTOP-GETK66M&apos;, ip: &apos;172.28.32.1&apos;, os.name: &apos;Windows 10&apos;, os.arch: &apos;amd64&apos;, os.version: &apos;10.0&apos;, java.version: &apos;1.8.0_144&apos;
Driver info: org.openqa.selenium.firefox.FirefoxDriver
Capabilities {acceptInsecureCerts: true, browserName: firefox, browserVersion: 60.6.3, javascriptEnabled: true, moz:accessibilityChecks: false, moz:headless: false, moz:processID: 14080, moz:profile: C:\Users\BirendraRawal\AppD..., moz:useNonSpecCompliantPointerOrigin: false, moz:webdriverClick: true, pageLoadStrategy: normal, platform: XP, platformName: XP, platformVersion: 10.0, rotatable: false, timeouts: {implicit: 0, pageLoad: 300000, script: 30000}}
Session ID: 9728e2cb-77fe-4bc6-957f-2e5fc1e5946d
*** Element info: {Using=xpath, value=//*[@id=&quot;loginform&quot;]}" type="org.openqa.selenium.NoSuchElementException">org.openqa.selenium.NoSuchElementException: Unable to locate element: //*[@id=&quot;loginform&quot;]
For documentation on this error, please visit: https://www.seleniumhq.org/exceptions/no_such_element.html
Build info: version: &apos;3.141.59&apos;, revision: &apos;e82be7d358&apos;, time: &apos;2018-11-14T08:17:03&apos;
System info: host: &apos;DESKTOP-GETK66M&apos;, ip: &apos;172.28.32.1&apos;, os.name: &apos;Windows 10&apos;, os.arch: &apos;amd64&apos;, os.version: &apos;10.0&apos;, java.version: &apos;1.8.0_144&apos;
Driver info: org.openqa.selenium.firefox.FirefoxDriver
Capabilities {acceptInsecureCerts: true, browserName: firefox, browserVersion: 60.6.3, javascriptEnabled: true, moz:accessibilityChecks: false, moz:headless: false, moz:processID: 14080, moz:profile: C:\Users\BirendraRawal\AppD..., moz:useNonSpecCompliantPointerOrigin: false, moz:webdriverClick: true, pageLoadStrategy: normal, platform: XP, platformName: XP, platformVersion: 10.0, rotatable: false, timeouts: {implicit: 0, pageLoad: 300000, script: 30000}}
Session ID: 9728e2cb-77fe-4bc6-957f-2e5fc1e5946d
*** Element info: {Using=xpath, value=//*[@id=&quot;loginform&quot;]}
	at sun.reflect.NativeConstructorAccessorImpl.newInstance0(Native Method)
	at sun.reflect.NativeConstructorAccessorImpl.newInstance(NativeConstructorAccessorImpl.java:62)
	at sun.reflect.DelegatingConstructorAccessorImpl.newInstance(DelegatingConstructorAccessorImpl.java:45)
	at java.lang.reflect.Constructor.newInstance(Constructor.java:423)
	at org.openqa.selenium.remote.http.W3CHttpResponseCodec.createException(W3CHttpResponseCodec.java:187)
	at org.openqa.selenium.remote.http.W3CHttpResponseCodec.decode(W3CHttpResponseCodec.java:122)
	at org.openqa.selenium.remote.http.W3CHttpResponseCodec.decode(W3CHttpResponseCodec.java:49)
	at org.openqa.selenium.remote.HttpCommandExecutor.execute(HttpCommandExecutor.java:158)
	at org.openqa.selenium.remote.service.DriverCommandExecutor.execute(DriverCommandExecutor.java:83)
	at org.openqa.selenium.remote.RemoteWebDriver.execute(RemoteWebDriver.java:552)
	at org.openqa.selenium.remote.RemoteWebDriver.findElement(RemoteWebDriver.java:323)
	at org.openqa.selenium.remote.RemoteWebDriver.findElementByXPath(RemoteWebDriver.java:428)
	at org.openqa.selenium.By$ByXPath.findElement(By.java:353)
	at org.openqa.selenium.remote.RemoteWebDriver.findElement(RemoteWebDriver.java:315)
	at stepDefinition.SmokeTest.user_should_not_be_able_to_login(SmokeTest.java:74)
	at ✽.Then User should not be able to login(MyApplication.feature:18)
</error>
  </testcase>
  <testcase classname="| mydevopcloud@gmail.com | Test@123$ |" name="| mydevopcloud@gmail.com | Test@123$ |" time="0.013">
    <error message="Unable to locate element: //*[@id=&quot;loginform&quot;]
For documentation on this error, please visit: https://www.seleniumhq.org/exceptions/no_such_element.html
Build info: version: &apos;3.141.59&apos;, revision: &apos;e82be7d358&apos;, time: &apos;2018-11-14T08:17:03&apos;
System info: host: &apos;DESKTOP-GETK66M&apos;, ip: &apos;172.28.32.1&apos;, os.name: &apos;Windows 10&apos;, os.arch: &apos;amd64&apos;, os.version: &apos;10.0&apos;, java.version: &apos;1.8.0_144&apos;
Driver info: org.openqa.selenium.firefox.FirefoxDriver
Capabilities {acceptInsecureCerts: true, browserName: firefox, browserVersion: 60.6.3, javascriptEnabled: true, moz:accessibilityChecks: false, moz:headless: false, moz:processID: 14080, moz:profile: C:\Users\BirendraRawal\AppD..., moz:useNonSpecCompliantPointerOrigin: false, moz:webdriverClick: true, pageLoadStrategy: normal, platform: XP, platformName: XP, platformVersion: 10.0, rotatable: false, timeouts: {implicit: 0, pageLoad: 300000, script: 30000}}
Session ID: 9728e2cb-77fe-4bc6-957f-2e5fc1e5946d
*** Element info: {Using=xpath, value=//*[@id=&quot;loginform&quot;]}" type="org.openqa.selenium.NoSuchElementException">org.openqa.selenium.NoSuchElementException: Unable to locate element: //*[@id=&quot;loginform&quot;]
For documentation on this error, please visit: https://www.seleniumhq.org/exceptions/no_such_element.html
Build info: version: &apos;3.141.59&apos;, revision: &apos;e82be7d358&apos;, time: &apos;2018-11-14T08:17:03&apos;
System info: host: &apos;DESKTOP-GETK66M&apos;, ip: &apos;172.28.32.1&apos;, os.name: &apos;Windows 10&apos;, os.arch: &apos;amd64&apos;, os.version: &apos;10.0&apos;, java.version: &apos;1.8.0_144&apos;
Driver info: org.openqa.selenium.firefox.FirefoxDriver
Capabilities {acceptInsecureCerts: true, browserName: firefox, browserVersion: 60.6.3, javascriptEnabled: true, moz:accessibilityChecks: false, moz:headless: false, moz:processID: 14080, moz:profile: C:\Users\BirendraRawal\AppD..., moz:useNonSpecCompliantPointerOrigin: false, moz:webdriverClick: true, pageLoadStrategy: normal, platform: XP, platformName: XP, platformVersion: 10.0, rotatable: false, timeouts: {implicit: 0, pageLoad: 300000, script: 30000}}
Session ID: 9728e2cb-77fe-4bc6-957f-2e5fc1e5946d
*** Element info: {Using=xpath, value=//*[@id=&quot;loginform&quot;]}
	at sun.reflect.NativeConstructorAccessorImpl.newInstance0(Native Method)
	at sun.reflect.NativeConstructorAccessorImpl.newInstance(NativeConstructorAccessorImpl.java:62)
	at sun.reflect.DelegatingConstructorAccessorImpl.newInstance(DelegatingConstructorAccessorImpl.java:45)
	at java.lang.reflect.Constructor.newInstance(Constructor.java:423)
	at org.openqa.selenium.remote.http.W3CHttpResponseCodec.createException(W3CHttpResponseCodec.java:187)
	at org.openqa.selenium.remote.http.W3CHttpResponseCodec.decode(W3CHttpResponseCodec.java:122)
	at org.openqa.selenium.remote.http.W3CHttpResponseCodec.decode(W3CHttpResponseCodec.java:49)
	at org.openqa.selenium.remote.HttpCommandExecutor.execute(HttpCommandExecutor.java:158)
	at org.openqa.selenium.remote.service.DriverCommandExecutor.execute(DriverCommandExecutor.java:83)
	at org.openqa.selenium.remote.RemoteWebDriver.execute(RemoteWebDriver.java:552)
	at org.openqa.selenium.remote.RemoteWebDriver.findElement(RemoteWebDriver.java:323)
	at org.openqa.selenium.remote.RemoteWebDriver.findElementByXPath(RemoteWebDriver.java:428)
	at org.openqa.selenium.By$ByXPath.findElement(By.java:353)
	at org.openqa.selenium.remote.RemoteWebDriver.findElement(RemoteWebDriver.java:315)
	at stepDefinition.SmokeTest.user_should_not_be_able_to_login(SmokeTest.java:74)
	at ✽.Then User should not be able to login(MyApplication.feature:18)
</error>
  </testcase>
  <testcase classname="| mydevopcloud@gmail.com | Test@123$ |" name="Then Application should be closed" time="0.015">
    <skipped/>
  </testcase>
</testsuite>